2025-08-27 15:41:02,929 | INFO | root | 📂 PDF filename: 30782_MB2026_BASIC C_MIX 4_NEW,CF_4LB_A2_review.pdf
2025-08-27 15:41:02,930 | INFO | root | 🧠 Part codes detected: ['4LB']
2025-08-27 15:41:02,930 | INFO | root | 📄 Sheet names: ['DOM', '4LB']
2025-08-27 15:41:02,931 | INFO | root | ✅ Found matching sheet: 4LB
2025-08-27 15:41:02,934 | INFO | root | 🧾 Header chosen at row 2 | columns: ['Check list', 'Requirement', 'Symbol/  Exact wording', 'Specification', 'Package Panel', 'Procedure']...
2025-08-27 15:41:02,935 | INFO | root | 🧾 Columns found in sheet: ['Check list', 'Requirement', 'Symbol/  Exact wording', 'Specification', 'Package Panel', 'Procedure', 'Remark', 'Image Match', 'Image Path']
2025-08-27 15:41:02,935 | INFO | root | 🛟 Fallback columns → Term: Symbol/  Exact wording, Language: None, Spec: Requirement
2025-08-27 15:41:02,936 | INFO | root | 🔎 ใช้คอลัมน์ Term: Symbol/  Exact wording, Language: None, Spec: Requirement
2025-08-27 15:41:05,556 | INFO | root | [underline] approx_start_row=3, real_start_row=4
2025-08-27 15:41:06,771 | INFO | checklist_loader | 📄 Pages considered: 22 (real pages: [1, 2, 3, 4, 5, 6, 7, 8, 9, 10, 11, 12, 13, 15, 16, 17, 18, 19, 20, 21, 22, 23])
2025-08-27 15:41:06,771 | INFO | checklist_loader | 📄 Artwork-like pages considered: 22 (real pages: [1, 2, 3, 4, 5, 6, 7, 8, 9, 10, 11, 12, 13, 15, 16, 17, 18, 19, 20, 21, 22, 23])
2025-08-27 15:41:06,841 | INFO | checklist_loader | 🔎 [VERIFY] Term='4LB' | Spec='-'
2025-08-27 15:41:06,842 | INFO | checklist_loader |     ↳ Pages(evidence)=All Pages | Items=66 (PDF=66, OCR=0, Underline=0, Bold=44)
2025-08-27 15:41:06,842 | INFO | checklist_loader |     [HIT#1] text='4LB' | src=pdf | underline=False | bold=False | size=3.58 mm
2025-08-27 15:41:06,843 | INFO | checklist_loader |     [HIT#2] text='MIX 4_4LB' | src=pdf | underline=False | bold=True | size=8.88 mm
2025-08-27 15:41:06,843 | INFO | checklist_loader |     [HIT#3] text='4LB/' | src=pdf | underline=False | bold=True | size=6.22 mm
2025-08-27 15:41:06,844 | INFO | checklist_loader | 🔎 [VERIFY] Term='3+' | Spec='≥ 3 mm.'
2025-08-27 15:41:06,844 | INFO | checklist_loader |     ↳ Pages(evidence)=- | Items=0 (PDF=0, OCR=0, Underline=0, Bold=0)
2025-08-27 15:41:06,844 | INFO | checklist_loader |     [FONT] Spec ≥ 3.00 mm | observed: - (no measurable item)
2025-08-27 15:41:06,845 | INFO | checklist_loader | 🟨 [MANUAL] Req: 'Product’s common or generic name
(Canada)' | Spec: '≥ 1.6 mm.' → Manual verification
2025-08-27 15:41:06,852 | INFO | checklist_loader | 🔎 [VERIFY] Term='MADE IN THAILAND\nHECHO EN TAILANDIA\nFABRIQUÉ EN THAÏLANDE' | Spec='Bold and All capital letters'
2025-08-27 15:41:06,853 | INFO | checklist_loader |     ↳ Pages(evidence)=All Pages | Items=22 (PDF=22, OCR=0, Underline=0, Bold=22)
2025-08-27 15:41:06,853 | INFO | checklist_loader |     [HIT#1] text='MADE IN THAILAND. HECHO EN TAILANDIA. FABRIQUÉ EN THAÏLANDE. FABRICADO NA TAILÂN' | src=pdf | underline=False | bold=True | size=2.27 mm
2025-08-27 15:41:06,853 | INFO | checklist_loader |     [HIT#2] text='MADE IN THAILAND. HECHO EN TAILANDIA. FABRIQUÉ EN THAÏLANDE. FABRICADO NA TAILÂN' | src=pdf | underline=False | bold=True | size=2.27 mm
2025-08-27 15:41:06,853 | INFO | checklist_loader |     [HIT#3] text='MADE IN THAILAND. HECHO EN TAILANDIA. FABRIQUÉ EN THAÏLANDE. FABRICADO NA TAILÂN' | src=pdf | underline=False | bold=True | size=2.27 mm
2025-08-27 15:41:06,857 | INFO | checklist_loader | 🔎 [VERIFY] Term='FABRICADO NA TAILÂNDIA' | Spec='Bold and All capital letters'
2025-08-27 15:41:06,857 | INFO | checklist_loader |     ↳ Pages(evidence)=All Pages | Items=22 (PDF=22, OCR=0, Underline=0, Bold=22)
2025-08-27 15:41:06,857 | INFO | checklist_loader |     [HIT#1] text='MADE IN THAILAND. HECHO EN TAILANDIA. FABRIQUÉ EN THAÏLANDE. FABRICADO NA TAILÂN' | src=pdf | underline=False | bold=True | size=2.27 mm
2025-08-27 15:41:06,858 | INFO | checklist_loader |     [HIT#2] text='MADE IN THAILAND. HECHO EN TAILANDIA. FABRIQUÉ EN THAÏLANDE. FABRICADO NA TAILÂN' | src=pdf | underline=False | bold=True | size=2.27 mm
2025-08-27 15:41:06,858 | INFO | checklist_loader |     [HIT#3] text='MADE IN THAILAND. HECHO EN TAILANDIA. FABRIQUÉ EN THAÏLANDE. FABRICADO NA TAILÂN' | src=pdf | underline=False | bold=True | size=2.27 mm
2025-08-27 15:41:06,873 | INFO | checklist_loader | 🔎 [VERIFY] Term='Imported by/ Importé par: Mattel Canada Inc., Mississauga, Ontario L5R 3W2.' | Spec='≥1.6 mm.  \n(Measure lowercase "o")'
2025-08-27 15:41:06,874 | INFO | checklist_loader |     ↳ Pages(evidence)=All Pages | Items=44 (PDF=44, OCR=0, Underline=0, Bold=22)
2025-08-27 15:41:06,874 | INFO | checklist_loader |     [FONT] Spec ≥ 1.60 mm | observed: 2.74 mm → PASS
2025-08-27 15:41:06,874 | INFO | checklist_loader |     [HIT#1] text='los derechos reservados. Imported by/ Importé par: Mattel Canada Inc., Mississau' | src=pdf | underline=False | bold=False | size=2.03 mm
2025-08-27 15:41:06,874 | INFO | checklist_loader |     [HIT#2] text='mported by/ Importé par: Mattel Canada Inc., Mississauga, Ontario L5R 3W2.' | src=pdf | underline=False | bold=True | size=2.74 mm
2025-08-27 15:41:06,875 | INFO | checklist_loader |     [HIT#3] text='los derechos reservados. Imported by/ Importé par: Mattel Canada Inc., Mississau' | src=pdf | underline=False | bold=False | size=2.03 mm
2025-08-27 15:41:06,879 | INFO | checklist_loader | 🔎 [VERIFY] Term='Manufactured, imported or distributed by:' | Spec='-'
2025-08-27 15:41:06,880 | INFO | checklist_loader |     ↳ Pages(evidence)=All Pages | Items=23 (PDF=23, OCR=0, Underline=0, Bold=0)
2025-08-27 15:41:06,880 | INFO | checklist_loader |     [HIT#1] text='los derechos reservados. Imported by/ Importé par: Mattel Canada Inc., Mississau' | src=pdf | underline=False | bold=False | size=2.03 mm
2025-08-27 15:41:06,880 | INFO | checklist_loader |     [HIT#2] text='los derechos reservados. Imported by/ Importé par: Mattel Canada Inc., Mississau' | src=pdf | underline=False | bold=False | size=2.03 mm
2025-08-27 15:41:06,881 | INFO | checklist_loader |     [HIT#3] text='los derechos reservados. Imported by/ Importé par: Mattel Canada Inc., Mississau' | src=pdf | underline=False | bold=False | size=2.03 mm
2025-08-27 15:41:06,891 | INFO | checklist_loader |     [SALVAGE] added underline evidence from page 1: 'Mattel U.K. Limited, The Porter Building, 1 Brunel Way, Slough SL1 1FQ, UK.' (src=pdf, size=2.03 mm)
2025-08-27 15:41:06,891 | INFO | checklist_loader | 🔎 [VERIFY] Term='Mattel Europa B.V., Gondel 1, 1186 MJ Amstelveen, Nederland.' | Spec='Underline'
2025-08-27 15:41:06,891 | INFO | checklist_loader |     ↳ Pages(evidence)=All Pages | Items=1 (PDF=1, OCR=0, Underline=1, Bold=0)
2025-08-27 15:41:06,891 | INFO | checklist_loader |     [HIT#1] text='Mattel U.K. Limited, The Porter Building, 1 Brunel Way, Slough SL1 1FQ, UK.' | src=pdf | underline=True | bold=False | size=2.03 mm
2025-08-27 15:41:06,894 | INFO | checklist_loader | 🔎 [VERIFY] Term='GUARDAR PARA EVENTUAIS CONSULTAS.' | Spec='The statement must be located before the distributor’s or importer’s name and address.'
2025-08-27 15:41:06,894 | INFO | checklist_loader |     ↳ Pages(evidence)=All Pages | Items=22 (PDF=22, OCR=0, Underline=0, Bold=0)
2025-08-27 15:41:06,895 | INFO | checklist_loader |     [HIT#1] text='GUARDAR PARA EVENTUAIS CONSULTAS. Distribuído por: Mattel do Brasil Ltda.- CNPJ ' | src=pdf | underline=False | bold=False | size=2.03 mm
2025-08-27 15:41:06,895 | INFO | checklist_loader |     [HIT#2] text='GUARDAR PARA EVENTUAIS CONSULTAS. Distribuído por: Mattel do Brasil Ltda.- CNPJ ' | src=pdf | underline=False | bold=False | size=2.03 mm
2025-08-27 15:41:06,895 | INFO | checklist_loader |     [HIT#3] text='GUARDAR PARA EVENTUAIS CONSULTAS. Distribuído por: Mattel do Brasil Ltda.- CNPJ ' | src=pdf | underline=False | bold=False | size=2.03 mm
2025-08-27 15:41:06,902 | INFO | checklist_loader | 🔎 [VERIFY] Term='CONFORMS TO / CONFORME AUX NORMES DE SÉCURITÉ DE / CUMPLE CON LAS NORMAS DE SEGURIDAD DE ASTM F963.' | Spec='≥  2 mm.'
2025-08-27 15:41:06,903 | INFO | checklist_loader |     ↳ Pages(evidence)=All Pages | Items=22 (PDF=22, OCR=0, Underline=0, Bold=0)
2025-08-27 15:41:06,903 | INFO | checklist_loader |     [FONT] Spec ≥ 2.00 mm | observed: 2.57 mm → PASS
2025-08-27 15:41:06,903 | INFO | checklist_loader |     [HIT#1] text='CONFORMS TO / CONFORME AUX NORMES DE SÉCURITÉ DE /' | src=pdf | underline=False | bold=False | size=2.57 mm
2025-08-27 15:41:06,904 | INFO | checklist_loader |     [HIT#2] text='CONFORMS TO / CONFORME AUX NORMES DE SÉCURITÉ DE /' | src=pdf | underline=False | bold=False | size=2.57 mm
2025-08-27 15:41:06,904 | INFO | checklist_loader |     [HIT#3] text='CONFORMS TO / CONFORME AUX NORMES DE SÉCURITÉ DE /' | src=pdf | underline=False | bold=False | size=2.57 mm
2025-08-27 15:41:06,904 | INFO | checklist_loader | 🟨 [MANUAL] Req: 'Canada requirement
(Canada)' | Spec: '-' → Manual verification
2025-08-27 15:41:06,905 | INFO | checklist_loader | 🟨 [MANUAL] Req: 'Space for Date code
(All markets)' | Spec: 'Must not cover any text and illustration' → Manual verification
2025-08-27 15:41:06,905 | INFO | checklist_loader | 🟨 [MANUAL] Req: 'Lion mark
(All markets)' | Spec: '≥ 5 mm.' → Manual verification
2025-08-27 15:41:06,906 | INFO | checklist_loader | 🟨 [MANUAL] Req: 'CE mark
(All markets)' | Spec: '≥ 5 mm.' → Manual verification
2025-08-27 15:41:06,906 | INFO | checklist_loader | 🟨 [MANUAL] Req: 'UKCA mark
(All markets)' | Spec: '≥ 5 mm.' → Manual verification
2025-08-27 15:41:06,907 | INFO | checklist_loader | 🟨 [MANUAL] Req: 'MC  mark
(All markets)' | Spec: '≥ 5x5 mm.
(Exclude numbers under MC )' → Manual verification
2025-08-27 15:41:06,907 | INFO | checklist_loader | 🟨 [MANUAL] Req: 'CIB: Consumer Information Block
(All markets)' | Spec: 'must be located near the legal copy' → Manual verification
2025-08-27 15:41:06,907 | INFO | checklist_loader | 🟨 [MANUAL] Req: 'Argentina logo
(Argentina)' | Spec: '≥ 12. 5 mm.' → Manual verification
2025-08-27 15:41:06,908 | INFO | checklist_loader | 🟨 [MANUAL] Req: 'Brazilian logo
(Brazil)' | Spec: '≥ 20 mm.
( largest panel is < 278.75 cm2)' → Manual verification
2025-08-27 15:41:06,908 | INFO | checklist_loader | 🟨 [MANUAL] Req: 'Waste Sorting Information
(Italy)' | Spec: 'The letter abbreviation and number code ≥ 1.2 mm.' → Manual verification
2025-08-27 15:41:06,909 | INFO | checklist_loader | 🟨 [MANUAL] Req: 'Waste Sorting Information
(France)' | Spec: 'The "FR" tab font must be “ Flama condensed bold”  and text height must be ≥ 1.26 mm and all caps.' → Manual verification
2025-08-27 15:41:06,909 | INFO | checklist_loader | 🟨 [MANUAL] Req: 'Waste Sorting Information
(France)' | Spec: 'The Triman logo height must be ≥ 10 mm.
 when space is limited can be used minimum size 6 mm.' → Manual verification
2025-08-27 15:41:06,909 | INFO | checklist_loader | 🟨 [MANUAL] Req: 'Sorting & Donation Label
(France)' | Spec: 'Standard Dimensions: The Triman logo height must be ≥ 10 mm.
Compact Dimensions: The Triman logo height must be ≥ 6 mm.' → Manual verification
2025-08-27 15:41:06,910 | INFO | checklist_loader | 🟨 [MANUAL] Req: 'Sorting Symbols
(Spain)' | Spec: 'Single Material;
Limited space: The height of symbol must be ≥ 8 mm
Available space: The height of symbol must be ≥ 10 mm

Multi-Material;
Limited space: The height of symbol must be ≥ 8 mm
Available space: The height of symbol must be ≥ 10 mm' → Manual verification
2025-08-27 15:41:06,910 | INFO | checklist_loader | 🟨 [MANUAL] Req: 'Warning statement: SPW
(USA)' | Spec: 'Size as remark column' → Manual verification
2025-08-27 15:41:06,910 | INFO | checklist_loader | 🟨 [MANUAL] Req: 'International
 warning statement: SPW
(All markets)' | Spec: 'Packages area of the largest panel is < 278.75 cm² 

Brazil requriement: The words "ATENÇÃO
 must "be in uppercase and ≥ 2 mm.
The cautionary statements following the signal word must be in all uppercase and ≥ 2 mm in height.

Mercosur requirement : The signal words "ADVERTENCIA"  must be in uppercase and ≥ 2 mm.
The cautionary statements following the signal word must be ≥ 1.5 mm and can be in uppercase or lowercase.' → Manual verification
2025-08-27 15:41:06,911 | INFO | checklist_loader | 🟨 [MANUAL] Req: 'International
 warning statement: SPG
(All markets)' | Spec: 'Packages area of the largest panel is < 278.75 cm² 

Brazil & Canada requriement: The words "ATENÇÃO, ATTENTION"
 must "be in uppercase and ≥ 2 mm.
The cautionary statements following the signal word must be in all uppercase and ≥ 2 mm in height.

Mercosur requirement : The signal words "ADVERTENCIA"  must be in uppercase and ≥ 2 mm.
The cautionary statements following the signal word must be ≥ 1.5 mm and can be in uppercase or lowercase.' → Manual verification
2025-08-27 15:41:06,912 | INFO | checklist_loader | 🟨 [MANUAL] Req: 'UPC requirement
(All markets)' | Spec: 'Size of UPC Barcode depend on area panel' → Manual verification
2025-08-27 15:41:06,912 | INFO | checklist_loader | 🟨 [MANUAL] Req: 'List of content : Text
(All market)' | Spec: 'All markets
- open package = no need list of content
- close package = need list of content' → Manual verification
2025-08-27 15:41:06,912 | INFO | checklist_loader | 🟨 [MANUAL] Req: 'List of content : Text
(Brazil)' | Spec: 'Brazil : The word “CONTEÚDO:” and the numerical portion (quantity) of the list of contents must meet the text height requirement per Table' → Manual verification
2025-08-27 15:41:06,913 | INFO | checklist_loader | 🟨 [MANUAL] Req: 'List of content : Text
(Canada)' | Spec: 'Canada : The text ≥ 1.6 mm.
The number must be in bold and must meet the height requirement per table as below.' → Manual verification
2025-08-27 15:41:06,913 | INFO | checklist_loader | 🟨 [MANUAL] Req: 'List of content : 
pictorial
(All markets)' | Spec: 'Must have text above picture at least 4 languages (English, French, Brazilian Portuguese, Russian)

Brazil : 
The word “CONTEÚDO:” and the numerical portion (quantity) of the list of contents must meet the text height requirement per Table

Canada : 
Any additional languages on the package must not be displayed with greater prominence than the French. So the translation of French must equal Brazilian Portuguese.' → Manual verification
2025-08-27 15:41:06,914 | INFO | checklist_loader | 🟨 [MANUAL] Req: 'Instruction of Play function feature
(All markets)' | Spec: '-' → Manual verification
